<?xml version="1.0" encoding="UTF-8"?>
<robot generator="Robot 6.0.1 (Python 3.11.0 on win32)" generated="20221205 00:08:34.219" rpa="false" schemaversion="3">
<suite id="s1" name="PrivacyAndCookiePolicy" source="C:\dev\LUMA-ABH\tests\PrivacyAndCookiePolicy.robot">
<test id="s1-t1" name="Should be able add new customer" line="10">
<kw name="Set Selenium Speed" library="SeleniumLibrary">
<arg>.2s</arg>
<doc>Sets the delay that is waited after each Selenium command.</doc>
<status status="PASS" starttime="20221205 00:08:34.556" endtime="20221205 00:08:34.557"/>
</kw>
<kw name="Set Selenium Timeout" library="SeleniumLibrary">
<arg>10s</arg>
<doc>Sets the timeout that is used by various keywords.</doc>
<status status="PASS" starttime="20221205 00:08:34.557" endtime="20221205 00:08:34.558"/>
</kw>
<kw name="Log" library="BuiltIn">
<arg>Starting the test case!</arg>
<doc>Logs the given message with the given level.</doc>
<msg timestamp="20221205 00:08:34.558" level="INFO">Starting the test case!</msg>
<status status="PASS" starttime="20221205 00:08:34.558" endtime="20221205 00:08:34.558"/>
</kw>
<kw name="Open Browser" library="SeleniumLibrary">
<arg>https://magento.softwaretestingboard.com/</arg>
<arg>chrome</arg>
<doc>Opens a new browser instance to the optional ``url``.</doc>
<msg timestamp="20221205 00:08:34.559" level="INFO">Opening browser 'chrome' to base url 'https://magento.softwaretestingboard.com/'.</msg>
<status status="PASS" starttime="20221205 00:08:34.558" endtime="20221205 00:08:38.901"/>
</kw>
<kw name="Click Link" library="SeleniumLibrary">
<arg>Privacy and Cookie Policy</arg>
<doc>Clicks a link identified by ``locator``.</doc>
<msg timestamp="20221205 00:08:38.903" level="INFO">Clicking link 'Privacy and Cookie Policy'.</msg>
<status status="PASS" starttime="20221205 00:08:38.902" endtime="20221205 00:08:41.231"/>
</kw>
<kw name="Page Should Contain" library="SeleniumLibrary">
<arg>Privacy Policy</arg>
<doc>Verifies that current page contains ``text``.</doc>
<msg timestamp="20221205 00:08:41.651" level="INFO">Current page contains text 'Privacy Policy'.</msg>
<status status="PASS" starttime="20221205 00:08:41.231" endtime="20221205 00:08:41.651"/>
</kw>
<kw name="Sleep" library="BuiltIn">
<arg>3s</arg>
<doc>Pauses the test executed for the given time.</doc>
<msg timestamp="20221205 00:08:44.652" level="INFO">Slept 3 seconds</msg>
<status status="PASS" starttime="20221205 00:08:41.651" endtime="20221205 00:08:44.652"/>
</kw>
<kw name="Close Browser" library="SeleniumLibrary">
<doc>Closes the current browser.</doc>
<status status="PASS" starttime="20221205 00:08:44.653" endtime="20221205 00:08:47.050"/>
</kw>
<doc>This is some basic info about the test</doc>
<tag>1006</tag>
<tag>Smoke Contacts</tag>
<status status="PASS" starttime="20221205 00:08:34.555" endtime="20221205 00:08:47.051"/>
</test>
<doc>This is some basic info about the whole suite</doc>
<status status="PASS" starttime="20221205 00:08:34.222" endtime="20221205 00:08:47.052"/>
</suite>
<statistics>
<total>
<stat pass="1" fail="0" skip="0">All Tests</stat>
</total>
<tag>
<stat pass="1" fail="0" skip="0">1006</stat>
<stat pass="1" fail="0" skip="0">Smoke Contacts</stat>
</tag>
<suite>
<stat pass="1" fail="0" skip="0" id="s1" name="PrivacyAndCookiePolicy">PrivacyAndCookiePolicy</stat>
</suite>
</statistics>
<errors>
</errors>
</robot>
